{"level":"info","message":"Server running at http://localhost:3000","timestamp":"2025-06-19T08:18:23.721Z"}
{"level":"info","message":"[Puppeteer] Bắt đầu scrape từ base URL: https://nongsan.newwaytech.vn/...","timestamp":"2025-06-19T08:19:22.155Z"}
{"level":"warn","message":"Không lấy được sitemap tại https://nongsan.newwaytech.vn//sitemap.xml: Request failed with status code 404","timestamp":"2025-06-19T08:19:35.937Z"}
{"level":"warn","message":"Không lấy được sitemap tại https://nongsan.newwaytech.vn//sitemap_index.xml: Request failed with status code 404","timestamp":"2025-06-19T08:19:36.017Z"}
{"level":"warn","message":"Không lấy được sitemap tại https://nongsan.newwaytech.vn//sitemap: Request failed with status code 404","timestamp":"2025-06-19T08:19:36.097Z"}
{"level":"info","message":"[Puppeteer] Fallback: Quét trang chủ để lấy danh mục hoặc sản phẩm...","timestamp":"2025-06-19T08:19:36.098Z"}
{"level":"info","message":"[Puppeteer] Scrape danh mục: https://nongsan.newwaytech.vn/","timestamp":"2025-06-19T08:20:04.379Z"}
{"level":"error","message":"Lỗi khi scrape: page.waitForTimeout is not a function","stack":"TypeError: page.waitForTimeout is not a function\n    at scrapeCategory (C:\\scraper-server\\server.js:287:24)\n    at async C:\\scraper-server\\server.js:373:20","timestamp":"2025-06-19T08:20:08.688Z"}
{"level":"info","message":"[Puppeteer] Đã đóng trình duyệt.","timestamp":"2025-06-19T08:20:09.083Z"}
{"level":"info","message":"Server running at http://localhost:3000","timestamp":"2025-06-19T08:26:44.134Z"}
{"level":"info","message":"[Puppeteer] Bắt đầu scrape từ base URL: https://nongsan.newwaytech.vn/...","timestamp":"2025-06-19T08:27:06.352Z"}
{"level":"warn","message":"Không lấy được sitemap tại https://nongsan.newwaytech.vn//sitemap.xml: Request failed with status code 404","timestamp":"2025-06-19T08:27:10.596Z"}
{"level":"warn","message":"Không lấy được sitemap tại https://nongsan.newwaytech.vn//sitemap_index.xml: Request failed with status code 404","timestamp":"2025-06-19T08:27:10.683Z"}
{"level":"warn","message":"Không lấy được sitemap tại https://nongsan.newwaytech.vn//sitemap: Request failed with status code 404","timestamp":"2025-06-19T08:27:10.766Z"}
{"level":"info","message":"[Puppeteer] Fallback: Quét trang chủ để lấy danh mục hoặc sản phẩm...","timestamp":"2025-06-19T08:27:10.766Z"}
{"level":"info","message":"[Puppeteer] Scrape danh mục: https://nongsan.newwaytech.vn/","timestamp":"2025-06-19T08:27:16.907Z"}
{"level":"error","message":"Lỗi khi scrape: Timeout hit: 30000","stack":"Error: Timeout hit: 30000\n    at C:\\scraper-server\\node_modules\\puppeteer-cluster\\dist\\util.js:69:23\n    at Generator.next (<anonymous>)\n    at fulfilled (C:\\scraper-server\\node_modules\\puppeteer-cluster\\dist\\util.js:5:58)","timestamp":"2025-06-19T08:27:47.016Z"}
{"level":"info","message":"[Puppeteer] Đã đóng trình duyệt.","timestamp":"2025-06-19T08:27:47.177Z"}
{"level":"info","message":"[Puppeteer] Bắt đầu scrape từ base URL: https://nongsan.newwaytech.vn...","timestamp":"2025-06-19T08:33:34.436Z"}
{"level":"warn","message":"Không lấy được sitemap tại https://nongsan.newwaytech.vn/sitemap.xml: Request failed with status code 404","timestamp":"2025-06-19T08:33:45.454Z"}
{"level":"warn","message":"Không lấy được sitemap tại https://nongsan.newwaytech.vn/sitemap_index.xml: Request failed with status code 404","timestamp":"2025-06-19T08:33:45.540Z"}
{"level":"warn","message":"Không lấy được sitemap tại https://nongsan.newwaytech.vn/sitemap: Request failed with status code 404","timestamp":"2025-06-19T08:33:45.620Z"}
{"level":"info","message":"[Puppeteer] Fallback: Quét trang chủ để lấy danh mục hoặc sản phẩm...","timestamp":"2025-06-19T08:33:45.620Z"}
{"level":"info","message":"[Puppeteer] Scrape danh mục: https://nongsan.newwaytech.vn","timestamp":"2025-06-19T08:33:50.651Z"}
{"level":"error","message":"Lỗi khi scrape: Timeout hit: 30000","stack":"Error: Timeout hit: 30000\n    at C:\\scraper-server\\node_modules\\puppeteer-cluster\\dist\\util.js:69:23\n    at Generator.next (<anonymous>)\n    at fulfilled (C:\\scraper-server\\node_modules\\puppeteer-cluster\\dist\\util.js:5:58)","timestamp":"2025-06-19T08:34:20.778Z"}
{"level":"info","message":"[Puppeteer] Đã đóng trình duyệt.","timestamp":"2025-06-19T08:34:21.064Z"}
{"level":"info","message":"[Puppeteer] Bắt đầu scrape từ base URL: https://nongsan.newwaytech.vn...","timestamp":"2025-06-19T08:35:14.741Z"}
{"level":"warn","message":"Không lấy được sitemap tại https://nongsan.newwaytech.vn/sitemap.xml: Request failed with status code 404","timestamp":"2025-06-19T08:35:17.593Z"}
{"level":"warn","message":"Không lấy được sitemap tại https://nongsan.newwaytech.vn/sitemap_index.xml: Request failed with status code 404","timestamp":"2025-06-19T08:35:17.673Z"}
{"level":"warn","message":"Không lấy được sitemap tại https://nongsan.newwaytech.vn/sitemap: Request failed with status code 404","timestamp":"2025-06-19T08:35:17.758Z"}
{"level":"info","message":"[Puppeteer] Fallback: Quét trang chủ để lấy danh mục hoặc sản phẩm...","timestamp":"2025-06-19T08:35:17.758Z"}
{"level":"info","message":"[Puppeteer] Scrape danh mục: https://nongsan.newwaytech.vn","timestamp":"2025-06-19T08:35:22.268Z"}
{"level":"error","message":"Lỗi khi scrape: Timeout hit: 30000","stack":"Error: Timeout hit: 30000\n    at C:\\scraper-server\\node_modules\\puppeteer-cluster\\dist\\util.js:69:23\n    at Generator.next (<anonymous>)\n    at fulfilled (C:\\scraper-server\\node_modules\\puppeteer-cluster\\dist\\util.js:5:58)","timestamp":"2025-06-19T08:35:52.408Z"}
{"level":"info","message":"[Puppeteer] Đã đóng trình duyệt.","timestamp":"2025-06-19T08:35:52.664Z"}
